<?xml version="1.0" encoding="UTF-8"?>
<testng-results ignored="0" total="16" passed="16" failed="0" skipped="0">
  <reporter-output>
  </reporter-output>
  <suite started-at="2023-12-10T11:01:55 CST" name="Default suite" finished-at="2023-12-10T11:05:23 CST" duration-ms="207317">
    <groups>
      <group name="cucumber">
        <method signature="AbstractTestNGCucumberTests.runScenario(io.cucumber.testng.PickleWrapper,io.cucumber.testng.FeatureWrapper)[pri:0, instance:runner.Runner_Signin@74235045]" name="runScenario" class="io.cucumber.testng.AbstractTestNGCucumberTests"/>
      </group> <!-- cucumber -->
    </groups>
    <test started-at="2023-12-10T11:01:55 CST" name="Default test" finished-at="2023-12-10T11:05:23 CST" duration-ms="207317">
      <class name="runner.Runner_Signin">
        <test-method is-config="true" signature="setUpClass(org.testng.ITestContext)[pri:0, instance:runner.Runner_Signin@74235045]" started-at="2023-12-10T11:01:55 CST" name="setUpClass" finished-at="2023-12-10T11:01:56 CST" duration-ms="396" status="PASS">
          <params>
            <param index="0">
              <value>
                <![CDATA[org.testng.TestRunner@5fc1e4fb]]>
              </value>
            </param>
          </params>
          <reporter-output>
          </reporter-output>
        </test-method> <!-- setUpClass -->
        <test-method signature="runScenario(io.cucumber.testng.PickleWrapper,io.cucumber.testng.FeatureWrapper)[pri:0, instance:runner.Runner_Signin@74235045]" started-at="2023-12-10T11:01:56 CST" name="runScenario" description="Runs Cucumber Scenarios" data-provider="scenarios" finished-at="2023-12-10T11:02:09 CST" duration-ms="13685" status="PASS">
          <params>
            <param index="0">
              <value>
                <![CDATA["Graph"]]>
              </value>
            </param>
            <param index="1">
              <value>
                <![CDATA["Check funtionality for Graph"]]>
              </value>
            </param>
          </params>
          <reporter-output>
          </reporter-output>
        </test-method> <!-- runScenario -->
        <test-method signature="runScenario(io.cucumber.testng.PickleWrapper,io.cucumber.testng.FeatureWrapper)[pri:0, instance:runner.Runner_Signin@74235045]" started-at="2023-12-10T11:02:09 CST" name="runScenario" description="Runs Cucumber Scenarios" data-provider="scenarios" finished-at="2023-12-10T11:02:25 CST" duration-ms="15546" status="PASS">
          <params>
            <param index="0">
              <value>
                <![CDATA["Graph Representations"]]>
              </value>
            </param>
            <param index="1">
              <value>
                <![CDATA["Check funtionality for Graph"]]>
              </value>
            </param>
          </params>
          <reporter-output>
          </reporter-output>
        </test-method> <!-- runScenario -->
        <test-method signature="runScenario(io.cucumber.testng.PickleWrapper,io.cucumber.testng.FeatureWrapper)[pri:0, instance:runner.Runner_Signin@74235045]" started-at="2023-12-10T11:02:25 CST" name="runScenario" description="Runs Cucumber Scenarios" data-provider="scenarios" finished-at="2023-12-10T11:02:37 CST" duration-ms="12090" status="PASS">
          <params>
            <param index="0">
              <value>
                <![CDATA["Introduction"]]>
              </value>
            </param>
            <param index="1">
              <value>
                <![CDATA["Check funtionality for Linked List"]]>
              </value>
            </param>
          </params>
          <reporter-output>
          </reporter-output>
        </test-method> <!-- runScenario -->
        <test-method signature="runScenario(io.cucumber.testng.PickleWrapper,io.cucumber.testng.FeatureWrapper)[pri:0, instance:runner.Runner_Signin@74235045]" started-at="2023-12-10T11:02:37 CST" name="runScenario" description="Runs Cucumber Scenarios" data-provider="scenarios" finished-at="2023-12-10T11:02:49 CST" duration-ms="12434" status="PASS">
          <params>
            <param index="0">
              <value>
                <![CDATA["Create a Linked List"]]>
              </value>
            </param>
            <param index="1">
              <value>
                <![CDATA["Check funtionality for Linked List"]]>
              </value>
            </param>
          </params>
          <reporter-output>
          </reporter-output>
        </test-method> <!-- runScenario -->
        <test-method signature="runScenario(io.cucumber.testng.PickleWrapper,io.cucumber.testng.FeatureWrapper)[pri:0, instance:runner.Runner_Signin@74235045]" started-at="2023-12-10T11:02:49 CST" name="runScenario" description="Runs Cucumber Scenarios" data-provider="scenarios" finished-at="2023-12-10T11:03:03 CST" duration-ms="13895" status="PASS">
          <params>
            <param index="0">
              <value>
                <![CDATA["Types of Linked list"]]>
              </value>
            </param>
            <param index="1">
              <value>
                <![CDATA["Check funtionality for Linked List"]]>
              </value>
            </param>
          </params>
          <reporter-output>
          </reporter-output>
        </test-method> <!-- runScenario -->
        <test-method signature="runScenario(io.cucumber.testng.PickleWrapper,io.cucumber.testng.FeatureWrapper)[pri:0, instance:runner.Runner_Signin@74235045]" started-at="2023-12-10T11:03:03 CST" name="runScenario" description="Runs Cucumber Scenarios" data-provider="scenarios" finished-at="2023-12-10T11:03:16 CST" duration-ms="12368" status="PASS">
          <params>
            <param index="0">
              <value>
                <![CDATA["Implementation of linked list in python"]]>
              </value>
            </param>
            <param index="1">
              <value>
                <![CDATA["Check funtionality for Linked List"]]>
              </value>
            </param>
          </params>
          <reporter-output>
          </reporter-output>
        </test-method> <!-- runScenario -->
        <test-method signature="runScenario(io.cucumber.testng.PickleWrapper,io.cucumber.testng.FeatureWrapper)[pri:0, instance:runner.Runner_Signin@74235045]" started-at="2023-12-10T11:03:16 CST" name="runScenario" description="Runs Cucumber Scenarios" data-provider="scenarios" finished-at="2023-12-10T11:03:29 CST" duration-ms="13558" status="PASS">
          <params>
            <param index="0">
              <value>
                <![CDATA["Traversal"]]>
              </value>
            </param>
            <param index="1">
              <value>
                <![CDATA["Check funtionality for Linked List"]]>
              </value>
            </param>
          </params>
          <reporter-output>
          </reporter-output>
        </test-method> <!-- runScenario -->
        <test-method signature="runScenario(io.cucumber.testng.PickleWrapper,io.cucumber.testng.FeatureWrapper)[pri:0, instance:runner.Runner_Signin@74235045]" started-at="2023-12-10T11:03:29 CST" name="runScenario" description="Runs Cucumber Scenarios" data-provider="scenarios" finished-at="2023-12-10T11:03:43 CST" duration-ms="13267" status="PASS">
          <params>
            <param index="0">
              <value>
                <![CDATA["Insertion"]]>
              </value>
            </param>
            <param index="1">
              <value>
                <![CDATA["Check funtionality for Linked List"]]>
              </value>
            </param>
          </params>
          <reporter-output>
          </reporter-output>
        </test-method> <!-- runScenario -->
        <test-method signature="runScenario(io.cucumber.testng.PickleWrapper,io.cucumber.testng.FeatureWrapper)[pri:0, instance:runner.Runner_Signin@74235045]" started-at="2023-12-10T11:03:43 CST" name="runScenario" description="Runs Cucumber Scenarios" data-provider="scenarios" finished-at="2023-12-10T11:03:55 CST" duration-ms="12643" status="PASS">
          <params>
            <param index="0">
              <value>
                <![CDATA["Deletion"]]>
              </value>
            </param>
            <param index="1">
              <value>
                <![CDATA["Check funtionality for Linked List"]]>
              </value>
            </param>
          </params>
          <reporter-output>
          </reporter-output>
        </test-method> <!-- runScenario -->
        <test-method signature="runScenario(io.cucumber.testng.PickleWrapper,io.cucumber.testng.FeatureWrapper)[pri:0, instance:runner.Runner_Signin@74235045]" started-at="2023-12-10T11:03:55 CST" name="runScenario" description="Runs Cucumber Scenarios" data-provider="scenarios" finished-at="2023-12-10T11:04:09 CST" duration-ms="14111" status="PASS">
          <params>
            <param index="0">
              <value>
                <![CDATA["Operations in Stack"]]>
              </value>
            </param>
            <param index="1">
              <value>
                <![CDATA["Check funtionality for Stack"]]>
              </value>
            </param>
          </params>
          <reporter-output>
          </reporter-output>
        </test-method> <!-- runScenario -->
        <test-method signature="runScenario(io.cucumber.testng.PickleWrapper,io.cucumber.testng.FeatureWrapper)[pri:0, instance:runner.Runner_Signin@74235045]" started-at="2023-12-10T11:04:09 CST" name="runScenario" description="Runs Cucumber Scenarios" data-provider="scenarios" finished-at="2023-12-10T11:04:23 CST" duration-ms="13372" status="PASS">
          <params>
            <param index="0">
              <value>
                <![CDATA["Implementation"]]>
              </value>
            </param>
            <param index="1">
              <value>
                <![CDATA["Check funtionality for Stack"]]>
              </value>
            </param>
          </params>
          <reporter-output>
          </reporter-output>
        </test-method> <!-- runScenario -->
        <test-method signature="runScenario(io.cucumber.testng.PickleWrapper,io.cucumber.testng.FeatureWrapper)[pri:0, instance:runner.Runner_Signin@74235045]" started-at="2023-12-10T11:04:23 CST" name="runScenario" description="Runs Cucumber Scenarios" data-provider="scenarios" finished-at="2023-12-10T11:04:38 CST" duration-ms="15277" status="PASS">
          <params>
            <param index="0">
              <value>
                <![CDATA["Applications"]]>
              </value>
            </param>
            <param index="1">
              <value>
                <![CDATA["Check funtionality for Stack"]]>
              </value>
            </param>
          </params>
          <reporter-output>
          </reporter-output>
        </test-method> <!-- runScenario -->
        <test-method signature="runScenario(io.cucumber.testng.PickleWrapper,io.cucumber.testng.FeatureWrapper)[pri:0, instance:runner.Runner_Signin@74235045]" started-at="2023-12-10T11:04:38 CST" name="runScenario" description="Runs Cucumber Scenarios" data-provider="scenarios" finished-at="2023-12-10T11:04:50 CST" duration-ms="12001" status="PASS">
          <params>
            <param index="0">
              <value>
                <![CDATA["Check login funtionality with valid username and password"]]>
              </value>
            </param>
            <param index="1">
              <value>
                <![CDATA["Check login funtionality with valid and invalid credentials"]]>
              </value>
            </param>
          </params>
          <reporter-output>
          </reporter-output>
        </test-method> <!-- runScenario -->
        <test-method signature="runScenario(io.cucumber.testng.PickleWrapper,io.cucumber.testng.FeatureWrapper)[pri:0, instance:runner.Runner_Signin@74235045]" started-at="2023-12-10T11:04:50 CST" name="runScenario" description="Runs Cucumber Scenarios" data-provider="scenarios" finished-at="2023-12-10T11:05:01 CST" duration-ms="11174" status="PASS">
          <params>
            <param index="0">
              <value>
                <![CDATA["invalid username and valid password"]]>
              </value>
            </param>
            <param index="1">
              <value>
                <![CDATA["Check login funtionality with valid and invalid credentials"]]>
              </value>
            </param>
          </params>
          <reporter-output>
          </reporter-output>
        </test-method> <!-- runScenario -->
        <test-method signature="runScenario(io.cucumber.testng.PickleWrapper,io.cucumber.testng.FeatureWrapper)[pri:0, instance:runner.Runner_Signin@74235045]" started-at="2023-12-10T11:05:01 CST" name="runScenario" description="Runs Cucumber Scenarios" data-provider="scenarios" finished-at="2023-12-10T11:05:12 CST" duration-ms="10707" status="PASS">
          <params>
            <param index="0">
              <value>
                <![CDATA["valid username and invalid password"]]>
              </value>
            </param>
            <param index="1">
              <value>
                <![CDATA["Check login funtionality with valid and invalid credentials"]]>
              </value>
            </param>
          </params>
          <reporter-output>
          </reporter-output>
        </test-method> <!-- runScenario -->
        <test-method signature="runScenario(io.cucumber.testng.PickleWrapper,io.cucumber.testng.FeatureWrapper)[pri:0, instance:runner.Runner_Signin@74235045]" started-at="2023-12-10T11:05:12 CST" name="runScenario" description="Runs Cucumber Scenarios" data-provider="scenarios" finished-at="2023-12-10T11:05:23 CST" duration-ms="10691" status="PASS">
          <params>
            <param index="0">
              <value>
                <![CDATA["invalid username and invalid password"]]>
              </value>
            </param>
            <param index="1">
              <value>
                <![CDATA["Check login funtionality with valid and invalid credentials"]]>
              </value>
            </param>
          </params>
          <reporter-output>
          </reporter-output>
        </test-method> <!-- runScenario -->
        <test-method is-config="true" signature="tearDownClass()[pri:0, instance:runner.Runner_Signin@74235045]" started-at="2023-12-10T11:05:23 CST" name="tearDownClass" finished-at="2023-12-10T11:05:23 CST" duration-ms="38" status="PASS">
          <reporter-output>
          </reporter-output>
        </test-method> <!-- tearDownClass -->
      </class> <!-- runner.Runner_Signin -->
    </test> <!-- Default test -->
  </suite> <!-- Default suite -->
</testng-results>
